 [2017/03/30 10:58:28] -I- FairDb: FairDbTableInterfaceStore.cxx::SetLoggingStreams():[448] $ FairDb Logging service: opened. 
 [2017/03/30 10:58:28] -I- FairDb: FairDbConnection.cxx::FairDbConnection():[47] $ Creating a DB connection
 [2017/03/30 10:58:28] -I- FairDb: FairDbConnection.cxx::Open():[222] $ Successfully opened connection to: sqlite://test.sqlite/
 [2017/03/30 10:58:28] -I- FairDb: FairDbConnection.cxx::FairDbConnection():[59] $ successfully opened connection to: sqlite://test.sqlite/
 [2017/03/30 10:58:28] -I- FairDb: FairDbConnection.cxx::FairDbConnection():[108] $  this client, and SQLite server (SQLite 3.8.2) does support prepared statements.
 [2017/03/30 10:58:28] -I- FairDb: FairDbStatement.cxx::ExecuteQuery():[72] $ Server: SQL:SELECT name FROM sqlite_master WHERE type='table' AND name='FAIRDBGLOBALSEQNO'
 [2017/03/30 10:58:28] -I- FairDb: FairDbConnection.cxx::Close():[262] $ closed connection: sqlite://test.sqlite/
 [2017/03/30 10:58:28] -I- FairDb: FairDbConnectionPool.cxx::FairDbConnectionPool():[136] $ 

                                   FairDbConnectionPool:: Server Status : 
                                                          Status   URL: Closed (auth)  sqlite://test.sqlite/

 [2017/03/30 10:58:28] -I- FairDb: FairDbTableInterfaceStore.cxx::SetLoggingStreams():[448] $ FairDb Logging service: opened. 
 [2017/03/30 10:58:28] -I- FairDb: FairDbParFactory.cxx::FairDbParFactory():[16] $ FairDbParFactory created 
 [2017/03/30 10:58:28] -I- FairDb: FairDbTableInterfaceStore.cxx::GetTableInterface():[238] $  create a FairDbTableInterface 0x7fea15685f70 proxyname# EXPAR2::FairDbExPar2
 [2017/03/30 10:58:28] -I- FairDb: FairDbTableMetaData.cxx::FairDbTableMetaData():[35] $ create for table # EXPAR2
 [2017/03/30 10:58:28] -I- FairDb: FairDbTableMetaData.cxx::FairDbTableMetaData():[35] $ create for table # EXPAR2VAL
 [2017/03/30 10:58:28] -I- FairDb: FairDbProxy.cxx::CreateMetaData():[538] $ Create meta-data for table: EXPAR2
 [2017/03/30 10:58:28] -I- FairDb: FairDbConnection.cxx::Open():[222] $ Successfully opened connection to: sqlite://test.sqlite/
 [2017/03/30 10:58:28] -I- FairDb: FairDbProxy.cxx::CreateMetaData():[562] $ Meta-data query succeeded for table: EXPAR2 on db_id: 0
 [2017/03/30 10:58:28] -I- FairDb: FairDbProxy.cxx::CreateMetaData():[588] $ Column: 1 | SEQNO |  SQL_type: -1 |  SQL_type_def: INTEGER |  DB_data_type: UInt |  data_size: 4 |  col_length: -1
 [2017/03/30 10:58:28] -I- FairDb: FairDbProxy.cxx::CreateMetaData():[588] $ Column: 2 | ROW_ID |  SQL_type: -1 |  SQL_type_def: INTEGER |  DB_data_type: UInt |  data_size: 4 |  col_length: -1
 [2017/03/30 10:58:28] -I- FairDb: FairDbProxy.cxx::CreateMetaData():[588] $ Column: 3 | COMP_ID |  SQL_type: -1 |  SQL_type_def: INTEGER |  DB_data_type: UInt |  data_size: 4 |  col_length: -1
 [2017/03/30 10:58:28] -I- FairDb: FairDbProxy.cxx::CreateMetaData():[588] $ Column: 4 | IDSYSTEM |  SQL_type: -1 |  SQL_type_def: INTEGER |  DB_data_type: UInt |  data_size: 4 |  col_length: -1
 [2017/03/30 10:58:28] -I- FairDb: FairDbProxy.cxx::CreateMetaData():[588] $ Column: 5 | DATA |  SQL_type: -1 |  SQL_type_def: REAL |  DB_data_type: Float |  data_size: 4 |  col_length: -1
 [2017/03/30 10:58:28] -I- FairDb: FairDbConnection.cxx::Close():[262] $ closed connection: sqlite://test.sqlite/
 [2017/03/30 10:58:28] -I- FairDb: FairDbProxy.cxx::CreateMetaData():[538] $ Create meta-data for table: EXPAR2VAL
 [2017/03/30 10:58:28] -I- FairDb: FairDbConnection.cxx::Open():[222] $ Successfully opened connection to: sqlite://test.sqlite/
 [2017/03/30 10:58:28] -I- FairDb: FairDbProxy.cxx::CreateMetaData():[562] $ Meta-data query succeeded for table: EXPAR2VAL on db_id: 0
 [2017/03/30 10:58:28] -I- FairDb: FairDbProxy.cxx::CreateMetaData():[588] $ Column: 1 | SEQNO |  SQL_type: -1 |  SQL_type_def: integer |  DB_data_type: UInt |  data_size: 4 |  col_length: -1
 [2017/03/30 10:58:28] -I- FairDb: FairDbProxy.cxx::CreateMetaData():[588] $ Column: 2 | TIMESTART |  SQL_type: -1 |  SQL_type_def: DATETIME |  DB_data_type: Date |  data_size: 4 |  col_length: -1
 [2017/03/30 10:58:28] -I- FairDb: FairDbProxy.cxx::CreateMetaData():[588] $ Column: 3 | TIMEEND |  SQL_type: -1 |  SQL_type_def: DATETIME |  DB_data_type: Date |  data_size: 4 |  col_length: -1
 [2017/03/30 10:58:28] -I- FairDb: FairDbProxy.cxx::CreateMetaData():[588] $ Column: 4 | DETID |  SQL_type: -1 |  SQL_type_def: INTEGER |  DB_data_type: UInt |  data_size: 4 |  col_length: -1
 [2017/03/30 10:58:28] -I- FairDb: FairDbProxy.cxx::CreateMetaData():[588] $ Column: 5 | DATAID |  SQL_type: -1 |  SQL_type_def: INTEGER |  DB_data_type: UInt |  data_size: 4 |  col_length: -1
 [2017/03/30 10:58:28] -I- FairDb: FairDbProxy.cxx::CreateMetaData():[588] $ Column: 6 | VERSION |  SQL_type: -1 |  SQL_type_def: INTEGER |  DB_data_type: UInt |  data_size: 4 |  col_length: -1
 [2017/03/30 10:58:28] -I- FairDb: FairDbProxy.cxx::CreateMetaData():[588] $ Column: 7 | COMPOSITEID |  SQL_type: -1 |  SQL_type_def: INTEGER |  DB_data_type: UInt |  data_size: 4 |  col_length: -1
 [2017/03/30 10:58:28] -I- FairDb: FairDbProxy.cxx::CreateMetaData():[588] $ Column: 8 | TIMEINCR |  SQL_type: -1 |  SQL_type_def: DATETIME |  DB_data_type: Date |  data_size: 4 |  col_length: -1
 [2017/03/30 10:58:28] -I- FairDb: FairDbProxy.cxx::CreateMetaData():[588] $ Column: 9 | TIMETRANS |  SQL_type: -1 |  SQL_type_def: DATETIME |  DB_data_type: Date |  data_size: 4 |  col_length: -1
 [2017/03/30 10:58:28] -I- FairDb: FairDbConnection.cxx::Close():[262] $ closed connection: sqlite://test.sqlite/
 [2017/03/30 10:58:28] -I- FairDb: FairDbTableInterface.cxx::FairDbTableInterface():[61] $ created EXPAR2 at 0x7fea15686170 (table exists)
 [2017/03/30 10:58:28] -I- FairDb: FairDbTableInterface.cxx::FairDbTableInterface():[66] $ Connected Table Row: 0x7fea156862c0
 [2017/03/30 10:58:28] -I- FairDb: FairDbReader.tpl::NewQuery():[377] $ 

Starting context query: [   Sts|  Data|2014-01-10 00:00:00.000000000Z] data_id: 0

 [2017/03/30 10:58:28] -I- FairDb: FairDbTableInterface.cxx::Query():[92] $ Query fulltimewindow 1
 [2017/03/30 10:58:28] -I- FairDb: FairDbCache.cxx::Search():[172] $ Primary cache search of table: EXPAR2 for:  [   Sts|  Data|2014-01-10 00:00:00.000000000Z] with Version: 0
 [2017/03/30 10:58:28] -W- FairDb: FairDbCache.cxx::Search():[177] $ Primary cache search failed :: (derived-cache-1) is empty
 [2017/03/30 10:58:28] -I- FairDb: FairDb.cxx::SetTimeWindow():[140] $ Set time window: 864000 for: EXPAR2
 [2017/03/30 10:58:28] -I- FairDb: FairDb.cxx::GetTimeWindow():[41] $  Return time window 864000 for EXPAR2
 [2017/03/30 10:58:28] -I- FairDb: FairDb.cxx::GetTimeWindow():[41] $  Return time window 864000 for EXPAR2
 [2017/03/30 10:58:28] -I- FairDb: FairDbProxy.cxx::QueryValidity():[300] $ db_id: 0 SQL query: select * from EXPAR2VAL where     TimeStart <= '2014-01-20 00:00:00' and TimeEnd    > '2013-12-31 00:00:00' and DETID & 2 and DATAID & 1 and  Version = 0 order by TIMEINCR desc;
 [2017/03/30 10:58:28] -I- FairDb: FairDbStatement.cxx::ExecuteQuery():[72] $ Server: SQL:select * from EXPAR2VAL where     TimeStart <= '2014-01-20 00:00:00' and TimeEnd    > '2013-12-31 00:00:00' and DETID & 2 and DATAID & 1 and  Version = 0 order by TIMEINCR desc;
 [2017/03/30 10:58:28] -I- FairDb: FairDbConnection.cxx::Open():[222] $ Successfully opened connection to: sqlite://test.sqlite/
 [2017/03/30 10:58:28] -I- FairDb: FairDbValRecord.cxx::Fill():[166] $ FairDbValRecordord for row: 0: |det_id 0x0002|data_id 0x0001|
	 2014-01-01 00:00:00.000000000Z
	 2016-01-31 00:00:00.000000000Z
	 origin: Added Conditions: seq_id: 1 combo_id: 1 version_id: 0
 [2017/03/30 10:58:28] -I- FairDb: FairDbValRecord.cxx::Fill():[166] $ FairDbValRecordord for row: 1: |det_id 0x0002|data_id 0x0001|
	 2014-01-01 00:00:00.000000000Z
	 2016-01-31 00:00:00.000000000Z
	 origin: Added Conditions: seq_id: 2 combo_id: 2 version_id: 0
 [2017/03/30 10:58:28] -I- FairDb: FairDbResult.cxx::FairDbResultNonCombo():[1022] $ Created non composite Validity result set no. of rows: 2
 [2017/03/30 10:58:28] -I- FairDb: FairDbProxy.cxx::FindTimeLimits():[76] $ FindTimeLimits for table: EXPAR2 context: [   Sts|  Data|2014-01-10 00:00:00.000000000Z] version: 0 Earliest transaction date: 2014-01-01 00:00:00.000000000Z database: 0
 [2017/03/30 10:58:28] -I- FairDb: FairDb.cxx::GetTimeWindow():[41] $  Return time window 864000 for EXPAR2
 [2017/03/30 10:58:28] -I- FairDb: FairDbProxy.cxx::FindTimeLimits():[120] $   FindTimeLimits query id: 1 SQL:select min(TIMESTART) from EXPAR2VAL where TIMESTART > '2014-01-20 00:00:00'  and DETID & 2 and DATAID & 1 and TIMEINCR >= '2014-01-01 00:00:00' and  VERSION = 0
 [2017/03/30 10:58:28] -I- FairDb: FairDbStatement.cxx::ExecuteQuery():[72] $ Server: SQL:select min(TIMESTART) from EXPAR2VAL where TIMESTART > '2014-01-20 00:00:00'  and DETID & 2 and DATAID & 1 and TIMEINCR >= '2014-01-01 00:00:00' and  VERSION = 0
 [2017/03/30 10:58:28] -I- FairDb: FairDbProxy.cxx::FindTimeLimits():[120] $   FindTimeLimits query id: 2 SQL:select min(TIMEEND) from EXPAR2VAL where TIMEEND > '2014-01-20 00:00:00'  and DETID & 2 and DATAID & 1 and TIMEINCR >= '2014-01-01 00:00:00' and  VERSION = 0
 [2017/03/30 10:58:28] -I- FairDb: FairDbStatement.cxx::ExecuteQuery():[72] $ Server: SQL:select min(TIMEEND) from EXPAR2VAL where TIMEEND > '2014-01-20 00:00:00'  and DETID & 2 and DATAID & 1 and TIMEINCR >= '2014-01-01 00:00:00' and  VERSION = 0
 [2017/03/30 10:58:28] -I- FairDb: FairDbProxy.cxx::FindTimeLimits():[132] $   FindTimeLimits query result: 2016-01-31 00:00:00.000000000Z
 [2017/03/30 10:58:28] -I- FairDb: FairDbProxy.cxx::FindTimeLimits():[120] $   FindTimeLimits query id: 3 SQL:select max(TIMESTART) from EXPAR2VAL where TIMESTART < '2013-12-31 00:00:00'  and DETID & 2 and DATAID & 1 and TIMEINCR >= '2014-01-01 00:00:00' and  VERSION = 0
 [2017/03/30 10:58:28] -I- FairDb: FairDbStatement.cxx::ExecuteQuery():[72] $ Server: SQL:select max(TIMESTART) from EXPAR2VAL where TIMESTART < '2013-12-31 00:00:00'  and DETID & 2 and DATAID & 1 and TIMEINCR >= '2014-01-01 00:00:00' and  VERSION = 0
 [2017/03/30 10:58:28] -I- FairDb: FairDbProxy.cxx::FindTimeLimits():[120] $   FindTimeLimits query id: 4 SQL:select max(TIMEEND) from EXPAR2VAL where TIMEEND < '2013-12-31 00:00:00'  and DETID & 2 and DATAID & 1 and TIMEINCR >= '2014-01-01 00:00:00' and  VERSION = 0
 [2017/03/30 10:58:28] -I- FairDb: FairDbStatement.cxx::ExecuteQuery():[72] $ Server: SQL:select max(TIMEEND) from EXPAR2VAL where TIMEEND < '2013-12-31 00:00:00'  and DETID & 2 and DATAID & 1 and TIMEINCR >= '2014-01-01 00:00:00' and  VERSION = 0
 [2017/03/30 10:58:28] -I- FairDb: FairDbProxy.cxx::FindTimeLimits():[138] $ FindTimeLimits for table: EXPAR2 found: 1970-01-01 00:00:00.000000000Z .. 2016-01-31 00:00:00.000000000Z
 [2017/03/30 10:58:28] -I- FairDb: FairDbValRecordFactory.cxx::FairDbValRecordFactory():[140] $ Trimming validity records to 1970-01-01 00:00:00.000000000Z .. 2016-01-31 00:00:00.000000000Z
 [2017/03/30 10:58:28] -I- FairDb: FairDbValRecordFactory.cxx::FairDbValRecordFactory():[161] $ FairDbValRecordFactory:
 Query: [   Sts|  Data|2014-01-10 00:00:00.000000000Z]
 using associated DataType: Data for Data found 2 vrecs in database, for 3 composites:.
 [2017/03/30 10:58:28] -I- FairDb: FairDbValRecordFactory.cxx::FairDbValRecordFactory():[172] $  0 -I- FairDbValRecord:: SeqNo: 0  ComboNo: -1  DbId: 0 (gap)  ValInterval: |0x2|0x1| 1970-01-01 00:00:00 .. 2016-01-31 00:00:00 from: Gap
 [2017/03/30 10:58:28] -I- FairDb: FairDbValRecordFactory.cxx::FairDbValRecordFactory():[172] $  1 -I- FairDbValRecord:: SeqNo: 1  ComboNo: 1  DbId: 0  ValInterval: |0x2|0x1| 2014-01-01 00:00:00 .. 2016-01-31 00:00:00 from: Added Conditions:
 [2017/03/30 10:58:28] -I- FairDb: FairDbValRecordFactory.cxx::FairDbValRecordFactory():[172] $  2 -I- FairDbValRecord:: SeqNo: 2  ComboNo: 2  DbId: 0  ValInterval: |0x2|0x1| 2014-01-01 00:00:00 .. 2016-01-31 00:00:00 from: Added Conditions:
 [2017/03/30 10:58:28] -I- FairDb: FairDb.cxx::GetTimeWindow():[41] $  Return time window 864000 for EXPAR2
 [2017/03/30 10:58:28] -I- FairDb: FairDbTableInterface.cxx::Query():[113] $ Composite Type 
 [2017/03/30 10:58:28] -I- FairDb: FairDbTableInterface.cxx::Query():[131] $ now do the results --->  
 [2017/03/30 10:58:28] -I- FairDb: FairDbCache.cxx::Search():[141] $ Secondary cache search of table: EXPAR2 for:  -I- FairDbValRecord:: SeqNo: 1  ComboNo: 1  DbId: 0  ValInterval: |0x2|0x1| 2014-01-01 00:00:00 .. 2016-01-31 00:00:00 from: Added Conditions:
 [2017/03/30 10:58:28] -I- FairDb: FairDbCache.cxx::Search():[146] $ Secondary cache search failed.
 [2017/03/30 10:58:28] -I- FairDb: FairDbResult.cxx::FairDbResultCombo():[545] $ Checking validity record 1 -I- FairDbValRecord:: SeqNo: 1  ComboNo: 1  DbId: 0  ValInterval: |0x2|0x1| 2014-01-01 00:00:00 .. 2016-01-31 00:00:00 from: Added Conditions:SQL qual:  cache search: 0x0
 [2017/03/30 10:58:28] -I- FairDb: FairDbCache.cxx::Search():[141] $ Secondary cache search of table: EXPAR2 for:  -I- FairDbValRecord:: SeqNo: 2  ComboNo: 2  DbId: 0  ValInterval: |0x2|0x1| 2014-01-01 00:00:00 .. 2016-01-31 00:00:00 from: Added Conditions:
 [2017/03/30 10:58:28] -I- FairDb: FairDbCache.cxx::Search():[146] $ Secondary cache search failed.
 [2017/03/30 10:58:28] -I- FairDb: FairDbResult.cxx::FairDbResultCombo():[545] $ Checking validity record 2 -I- FairDbValRecord:: SeqNo: 2  ComboNo: 2  DbId: 0  ValInterval: |0x2|0x1| 2014-01-01 00:00:00 .. 2016-01-31 00:00:00 from: Added Conditions:SQL qual:  cache search: 0x0
 [2017/03/30 10:58:28] -I- FairDb: FairDbProxy.cxx::QuerySeqNos():[238] $ Database: 0 SeqIds query: select * from EXPAR2 where SEQNO between 1 and 2 order by SEQNO
 [2017/03/30 10:58:28] -I- FairDb: FairDbStatement.cxx::ExecuteQuery():[72] $ Server: SQL:select * from EXPAR2 where SEQNO between 1 and 2 order by SEQNO
 [2017/03/30 10:58:28] -I- FairDb: FairDbResult.cxx::FairDbResultCombo():[588] $ Procesing SeqNo: 1 for row 1
 [2017/03/30 10:58:28] -I- FairDb: FairDbResult.cxx::FairDbResultNonCombo():[1024] $ Created non composite result set for SeqNo: 1 no. of rows: 3
 [2017/03/30 10:58:28] -I- FairDb: FairDbResult.cxx::FairDbResultCombo():[600] $ Seq_Id: 1 produced 3 rows
 [2017/03/30 10:58:28] -I- FairDb: FairDbCache.cxx::Accept():[82] $ Registering result for: EXPAR2  -I- FairDbValRecord:: SeqNo: 1  ComboNo: 1  DbId: 0  ValInterval: |0x2|0x1| 2014-01-01 00:00:00 .. 2016-01-31 00:00:00 from: Added Conditions:
Cache size updated: 1
 [2017/03/30 10:58:28] -I- FairDb: FairDbResult.cxx::FairDbResultCombo():[588] $ Procesing SeqNo: 2 for row 2
 [2017/03/30 10:58:28] -I- FairDb: FairDbResult.cxx::FairDbResultNonCombo():[1024] $ Created non composite result set for SeqNo: 2 no. of rows: 3
 [2017/03/30 10:58:28] -I- FairDb: FairDbResult.cxx::FairDbResultCombo():[600] $ Seq_Id: 2 produced 3 rows
 [2017/03/30 10:58:28] -I- FairDb: FairDbCache.cxx::Accept():[82] $ Registering result for: EXPAR2  -I- FairDbValRecord:: SeqNo: 2  ComboNo: 2  DbId: 0  ValInterval: |0x2|0x1| 2014-01-01 00:00:00 .. 2016-01-31 00:00:00 from: Added Conditions:
Cache size updated: 2
 [2017/03/30 10:58:28] -I- FairDb: FairDbResult.cxx::BuildLookUpTable():[817] $ Building lookup Table. Duplication Allowed: 0
 [2017/03/30 10:58:28] -I- FairDb: FairDbResult.cxx::BuildLookUpTable():[827] $ Look-up. Row no 5 index 13 row,row2 0x7fea12c7b4e0,0x0
 [2017/03/30 10:58:28] -I- FairDb: FairDbResult.cxx::BuildLookUpTable():[827] $ Look-up. Row no 4 index 8 row,row2 0x7fea12c7b380,0x0
 [2017/03/30 10:58:28] -I- FairDb: FairDbResult.cxx::BuildLookUpTable():[827] $ Look-up. Row no 3 index 5 row,row2 0x7fea12c7b220,0x0
 [2017/03/30 10:58:28] -I- FairDb: FairDbResult.cxx::BuildLookUpTable():[827] $ Look-up. Row no 2 index 11 row,row2 0x7fea12c7acf0,0x0
 [2017/03/30 10:58:28] -I- FairDb: FairDbResult.cxx::BuildLookUpTable():[827] $ Look-up. Row no 1 index 3 row,row2 0x7fea12c7ab90,0x0
 [2017/03/30 10:58:28] -I- FairDb: FairDbResult.cxx::BuildLookUpTable():[827] $ Look-up. Row no 0 index 2 row,row2 0x7fea12c79100,0x0
 [2017/03/30 10:58:28] -I- FairDb: FairDbResult.cxx::FairDbResultCombo():[639] $ Composite Data contains 6 entries.  ValRecord:
-I- FairDbValRecord:: SeqNo: 1  ComboNo: -1  DbId: 0  ValInterval: |0x2|0x1| 2014-01-01 00:00:00 .. 2016-01-31 00:00:00 from: Added Conditions:
 [2017/03/30 10:58:28] -I- FairDb: FairDbResult.cxx::FairDbResultCombo():[643] $ Created composite result set no. of rows: 6
 [2017/03/30 10:58:28] -I- FairDb: FairDbCache.cxx::Accept():[82] $ Registering result for: EXPAR2  -I- FairDbValRecord:: SeqNo: 1  ComboNo: -1  DbId: 0  ValInterval: |0x2|0x1| 2014-01-01 00:00:00 .. 2016-01-31 00:00:00 from: Added Conditions:
Cache size updated: 3
 [2017/03/30 10:58:28] -I- FairDb: FairDbCache.cxx::Accept():[89] $ Caching results @ <ResKey># Table:EXPAR2 row:EXPAR2.  2 vrecs (seqno min..max;creationdate min..max): 1..2;2014-01-01 00:00:00
 [2017/03/30 10:58:28] -I- FairDb: FairDbTableInterface.cxx::SaveToCache():[366] $ Request to save query result as 2_1_2014-01-01_00:00:00 data from DB? 1 can be saved? 1
 [2017/03/30 10:58:28] -I- FairDb: FairDbConnection.cxx::Close():[262] $ closed connection: sqlite://test.sqlite/
 [2017/03/30 10:58:28] -I- FairDb: FairDbStopWatch.cxx::RecEnd():[69] $ FairDbStopWatch:EXPAR2: Query done. 6rows,    2.1Kb Cpu   0.0 , elapsed   0.0
 [2017/03/30 10:58:28] -I- FairDb: FairDbReader.tpl::NewQuery():[391] $ 
Context Query completed: [   Sts|  Data|2014-01-10 00:00:00.000000000Z] version: 0Fetched:  6 rows

 [2017/03/30 10:58:28] -I- FairDb: FairDbReader.tpl::NewQuery():[377] $ 

Starting context query: [   Sts|  Data|2016-02-03 12:00:00.000000000Z] data_id: 0

 [2017/03/30 10:58:28] -I- FairDb: FairDbTableInterface.cxx::Query():[92] $ Query fulltimewindow 1
 [2017/03/30 10:58:28] -I- FairDb: FairDbCache.cxx::Search():[172] $ Primary cache search of table: EXPAR2 for:  [   Sts|  Data|2016-02-03 12:00:00.000000000Z] with Version: 0
 [2017/03/30 10:58:28] -I- FairDb: FairDbCache.cxx::Search():[197] $   Searching cache with DataType: Data
 [2017/03/30 10:58:28] -I- FairDb: FairDbValRecord.cxx::IsCompatible():[239] $  FairDbValRecord::IsCompatible? -> Version:0,0 Compatible: 0
 Interval: |det_id 0x0002|data_id 0x0001|
	 2014-01-01 00:00:00.000000000Z
	 2016-01-31 00:00:00.000000000Z
	 origin: Added Conditions:
 Context: [   Sts|  Data|2016-02-03 12:00:00.000000000Z]
 [2017/03/30 10:58:28] -I- FairDb: FairDbResult.cxx::Satisfies():[897] $     Checking result with FairDbValRecord:- 
      -I- FairDbValRecord:: SeqNo: 1  ComboNo: -1  DbId: 0  ValInterval: |0x2|0x1| 2014-01-01 00:00:00 .. 2016-01-31 00:00:00 from: Added Conditions:  With extended context: 0 CanReuse: 1 Is Compatible: 0 HasExpired: 1 number of clients: 1
 [2017/03/30 10:58:28] -W- FairDb: FairDbCache.cxx::Search():[211] $ Primary cache search failed.
 [2017/03/30 10:58:28] -I- FairDb: FairDb.cxx::GetTimeWindow():[41] $  Return time window 864000 for EXPAR2
 [2017/03/30 10:58:28] -I- FairDb: FairDb.cxx::GetTimeWindow():[41] $  Return time window 864000 for EXPAR2
 [2017/03/30 10:58:28] -I- FairDb: FairDbProxy.cxx::QueryValidity():[300] $ db_id: 0 SQL query: select * from EXPAR2VAL where     TimeStart <= '2016-02-13 12:00:00' and TimeEnd    > '2016-01-24 12:00:00' and DETID & 2 and DATAID & 1 and  Version = 0 order by TIMEINCR desc;
 [2017/03/30 10:58:28] -I- FairDb: FairDbStatement.cxx::ExecuteQuery():[72] $ Server: SQL:select * from EXPAR2VAL where     TimeStart <= '2016-02-13 12:00:00' and TimeEnd    > '2016-01-24 12:00:00' and DETID & 2 and DATAID & 1 and  Version = 0 order by TIMEINCR desc;
 [2017/03/30 10:58:28] -I- FairDb: FairDbConnection.cxx::Open():[222] $ Successfully opened connection to: sqlite://test.sqlite/
 [2017/03/30 10:58:28] -I- FairDb: FairDbValRecord.cxx::Fill():[166] $ FairDbValRecordord for row: 0: |det_id 0x0002|data_id 0x0001|
	 2014-01-01 00:00:00.000000000Z
	 2016-01-31 00:00:00.000000000Z
	 origin: Added Conditions: seq_id: 1 combo_id: 1 version_id: 0
 [2017/03/30 10:58:28] -I- FairDb: FairDbValRecord.cxx::Fill():[166] $ FairDbValRecordord for row: 1: |det_id 0x0002|data_id 0x0001|
	 2014-01-01 00:00:00.000000000Z
	 2016-01-31 00:00:00.000000000Z
	 origin: Added Conditions: seq_id: 2 combo_id: 2 version_id: 0
 [2017/03/30 10:58:28] -I- FairDb: FairDbResult.cxx::FairDbResultNonCombo():[1022] $ Created non composite Validity result set no. of rows: 2
 [2017/03/30 10:58:28] -I- FairDb: FairDbProxy.cxx::FindTimeLimits():[76] $ FindTimeLimits for table: EXPAR2 context: [   Sts|  Data|2016-02-03 12:00:00.000000000Z] version: 0 Earliest transaction date: 1970-01-01 00:00:00.000000000Z database: 0
 [2017/03/30 10:58:28] -I- FairDb: FairDb.cxx::GetTimeWindow():[41] $  Return time window 864000 for EXPAR2
 [2017/03/30 10:58:28] -I- FairDb: FairDbProxy.cxx::FindTimeLimits():[120] $   FindTimeLimits query id: 1 SQL:select min(TIMESTART) from EXPAR2VAL where TIMESTART > '2016-02-13 12:00:00'  and DETID & 2 and DATAID & 1 and TIMEINCR >= '1970-01-01 00:00:00' and  VERSION = 0
 [2017/03/30 10:58:28] -I- FairDb: FairDbStatement.cxx::ExecuteQuery():[72] $ Server: SQL:select min(TIMESTART) from EXPAR2VAL where TIMESTART > '2016-02-13 12:00:00'  and DETID & 2 and DATAID & 1 and TIMEINCR >= '1970-01-01 00:00:00' and  VERSION = 0
 [2017/03/30 10:58:28] -I- FairDb: FairDbProxy.cxx::FindTimeLimits():[120] $   FindTimeLimits query id: 2 SQL:select min(TIMEEND) from EXPAR2VAL where TIMEEND > '2016-02-13 12:00:00'  and DETID & 2 and DATAID & 1 and TIMEINCR >= '1970-01-01 00:00:00' and  VERSION = 0
 [2017/03/30 10:58:28] -I- FairDb: FairDbStatement.cxx::ExecuteQuery():[72] $ Server: SQL:select min(TIMEEND) from EXPAR2VAL where TIMEEND > '2016-02-13 12:00:00'  and DETID & 2 and DATAID & 1 and TIMEINCR >= '1970-01-01 00:00:00' and  VERSION = 0
 [2017/03/30 10:58:28] -I- FairDb: FairDbProxy.cxx::FindTimeLimits():[120] $   FindTimeLimits query id: 3 SQL:select max(TIMESTART) from EXPAR2VAL where TIMESTART < '2016-01-24 12:00:00'  and DETID & 2 and DATAID & 1 and TIMEINCR >= '1970-01-01 00:00:00' and  VERSION = 0
 [2017/03/30 10:58:28] -I- FairDb: FairDbStatement.cxx::ExecuteQuery():[72] $ Server: SQL:select max(TIMESTART) from EXPAR2VAL where TIMESTART < '2016-01-24 12:00:00'  and DETID & 2 and DATAID & 1 and TIMEINCR >= '1970-01-01 00:00:00' and  VERSION = 0
 [2017/03/30 10:58:28] -I- FairDb: FairDbProxy.cxx::FindTimeLimits():[132] $   FindTimeLimits query result: 2014-01-01 00:00:00.000000000Z
 [2017/03/30 10:58:28] -I- FairDb: FairDbProxy.cxx::FindTimeLimits():[120] $   FindTimeLimits query id: 4 SQL:select max(TIMEEND) from EXPAR2VAL where TIMEEND < '2016-01-24 12:00:00'  and DETID & 2 and DATAID & 1 and TIMEINCR >= '1970-01-01 00:00:00' and  VERSION = 0
 [2017/03/30 10:58:28] -I- FairDb: FairDbStatement.cxx::ExecuteQuery():[72] $ Server: SQL:select max(TIMEEND) from EXPAR2VAL where TIMEEND < '2016-01-24 12:00:00'  and DETID & 2 and DATAID & 1 and TIMEINCR >= '1970-01-01 00:00:00' and  VERSION = 0
 [2017/03/30 10:58:28] -I- FairDb: FairDbProxy.cxx::FindTimeLimits():[138] $ FindTimeLimits for table: EXPAR2 found: 2014-01-01 00:00:00.000000000Z .. 2038-01-19 03:14:07.000000000Z
 [2017/03/30 10:58:28] -I- FairDb: FairDbValRecordFactory.cxx::FairDbValRecordFactory():[140] $ Trimming validity records to 2014-01-01 00:00:00.000000000Z .. 2038-01-19 03:14:07.000000000Z
 [2017/03/30 10:58:28] -I- FairDb: FairDbValRecordFactory.cxx::FairDbValRecordFactory():[161] $ FairDbValRecordFactory:
 Query: [   Sts|  Data|2016-02-03 12:00:00.000000000Z]
 using associated DataType: Data for Data found 2 vrecs in database, for 3 composites:.
 [2017/03/30 10:58:28] -I- FairDb: FairDbValRecordFactory.cxx::FairDbValRecordFactory():[172] $  0 -I- FairDbValRecord:: SeqNo: 0  ComboNo: -1  DbId: 0 (gap)  ValInterval: |0x2|0x1| 2014-01-01 00:00:00 .. 2038-01-19 03:14:07 from: Gap
 [2017/03/30 10:58:28] -I- FairDb: FairDbValRecordFactory.cxx::FairDbValRecordFactory():[172] $  1 -I- FairDbValRecord:: SeqNo: 0  ComboNo: 1  DbId: 0 (gap)  ValInterval: |0x2|0x1| 2016-01-31 00:00:00 .. 2038-01-19 03:14:07 from: Gap
 [2017/03/30 10:58:28] -I- FairDb: FairDbValRecordFactory.cxx::FairDbValRecordFactory():[172] $  2 -I- FairDbValRecord:: SeqNo: 0  ComboNo: 2  DbId: 0 (gap)  ValInterval: |0x2|0x1| 2016-01-31 00:00:00 .. 2038-01-19 03:14:07 from: Gap
 [2017/03/30 10:58:28] -I- FairDb: FairDb.cxx::GetTimeWindow():[41] $  Return time window 864000 for EXPAR2
 [2017/03/30 10:58:28] -I- FairDb: FairDbTableInterface.cxx::Query():[113] $ Composite Type 
 [2017/03/30 10:58:28] -I- FairDb: FairDbTableInterface.cxx::Query():[131] $ now do the results --->  
 [2017/03/30 10:58:28] -I- FairDb: FairDbCache.cxx::Search():[141] $ Secondary cache search of table: EXPAR2 for:  -I- FairDbValRecord:: SeqNo: 0  ComboNo: 1  DbId: 0 (gap)  ValInterval: |0x2|0x1| 2016-01-31 00:00:00 .. 2038-01-19 03:14:07 from: Gap
 [2017/03/30 10:58:28] -I- FairDb: FairDbResult.cxx::Satisfies():[1093] $ Trying to satisfy: Vrec -I- FairDbValRecord:: SeqNo: 0  ComboNo: 1  DbId: 0 (gap)  ValInterval: |0x2|0x1| 2016-01-31 00:00:00 .. 2038-01-19 03:14:07 from: Gap SQL: 
 with CanReuse: 1 vrec: -I- FairDbValRecord:: SeqNo: 1  ComboNo: 1  DbId: 0  ValInterval: |0x2|0x1| 2014-01-01 00:00:00 .. 2016-01-31 00:00:00 from: Added Conditions: sqlQualifiers: 
 [2017/03/30 10:58:28] -W- FairDb: FairDbCache.cxx::Search():[163] $ Secondary cache search failed.
 [2017/03/30 10:58:28] -I- FairDb: FairDbResult.cxx::FairDbResultCombo():[545] $ Checking validity record 1 -I- FairDbValRecord:: SeqNo: 0  ComboNo: 1  DbId: 0 (gap)  ValInterval: |0x2|0x1| 2016-01-31 00:00:00 .. 2038-01-19 03:14:07 from: GapSQL qual:  cache search: 0x0
 [2017/03/30 10:58:28] -I- FairDb: FairDbCache.cxx::Accept():[82] $ Registering result for: Unknown  -I- FairDbValRecord:: SeqNo: 0  ComboNo: 1  DbId: 0 (gap)  ValInterval: |0x2|0x1| 2016-01-31 00:00:00 .. 2038-01-19 03:14:07 from: Gap
Cache size updated: 4
 [2017/03/30 10:58:28] -I- FairDb: FairDbCache.cxx::Search():[141] $ Secondary cache search of table: EXPAR2 for:  -I- FairDbValRecord:: SeqNo: 0  ComboNo: 2  DbId: 0 (gap)  ValInterval: |0x2|0x1| 2016-01-31 00:00:00 .. 2038-01-19 03:14:07 from: Gap
 [2017/03/30 10:58:28] -I- FairDb: FairDbResult.cxx::Satisfies():[1093] $ Trying to satisfy: Vrec -I- FairDbValRecord:: SeqNo: 0  ComboNo: 2  DbId: 0 (gap)  ValInterval: |0x2|0x1| 2016-01-31 00:00:00 .. 2038-01-19 03:14:07 from: Gap SQL: 
 with CanReuse: 1 vrec: -I- FairDbValRecord:: SeqNo: 2  ComboNo: 2  DbId: 0  ValInterval: |0x2|0x1| 2014-01-01 00:00:00 .. 2016-01-31 00:00:00 from: Added Conditions: sqlQualifiers: 
 [2017/03/30 10:58:28] -W- FairDb: FairDbCache.cxx::Search():[163] $ Secondary cache search failed.
 [2017/03/30 10:58:28] -I- FairDb: FairDbResult.cxx::FairDbResultCombo():[545] $ Checking validity record 2 -I- FairDbValRecord:: SeqNo: 0  ComboNo: 2  DbId: 0 (gap)  ValInterval: |0x2|0x1| 2016-01-31 00:00:00 .. 2038-01-19 03:14:07 from: GapSQL qual:  cache search: 0x0
 [2017/03/30 10:58:28] -I- FairDb: FairDbCache.cxx::Accept():[82] $ Registering result for: Unknown  -I- FairDbValRecord:: SeqNo: 0  ComboNo: 2  DbId: 0 (gap)  ValInterval: |0x2|0x1| 2016-01-31 00:00:00 .. 2038-01-19 03:14:07 from: Gap
Cache size updated: 5
 [2017/03/30 10:58:28] -I- FairDb: FairDbResult.cxx::BuildLookUpTable():[817] $ Building lookup Table. Duplication Allowed: 0
 [2017/03/30 10:58:28] -I- FairDb: FairDbResult.cxx::FairDbResultCombo():[639] $ Composite Data contains 0 entries.  ValRecord:
-I- FairDbValRecord:: SeqNo: 0  ComboNo: -1  DbId: 0 (gap)  ValInterval: |0x2|0x1| 2016-01-31 00:00:00 .. 2038-01-19 03:14:07 from: Gap
 [2017/03/30 10:58:28] -I- FairDb: FairDbResult.cxx::FairDbResultCombo():[643] $ Created composite result set no. of rows: 0
 [2017/03/30 10:58:28] -I- FairDb: FairDbCache.cxx::Accept():[82] $ Registering result for: EXPAR2  -I- FairDbValRecord:: SeqNo: 0  ComboNo: -1  DbId: 0 (gap)  ValInterval: |0x2|0x1| 2016-01-31 00:00:00 .. 2038-01-19 03:14:07 from: Gap
Cache size updated: 6
 [2017/03/30 10:58:28] -I- FairDb: FairDbCache.cxx::Accept():[89] $ Caching results @ <ResKey># Table: row: No vrecs
 [2017/03/30 10:58:28] -I- FairDb: FairDbTableInterface.cxx::SaveToCache():[366] $ Request to save query result as  data from DB? 0 can be saved? 1
 [2017/03/30 10:58:28] -I- FairDb: FairDbConnection.cxx::Close():[262] $ closed connection: sqlite://test.sqlite/
 [2017/03/30 10:58:28] -I- FairDb: FairDbReader.tpl::NewQuery():[391] $ 
Context Query completed: [   Sts|  Data|2016-02-03 12:00:00.000000000Z] version: 0Fetched:  0 rows

 [2017/03/30 10:58:28] -I- FairDb: FairDbTableInterfaceStore.cxx::GetTableInterface():[238] $  create a FairDbTableInterface 0x7fff5e8a4ea0 proxyname# EXPAR2::FairDbValRecord
 [2017/03/30 10:58:28] -I- FairDb: FairDbTableMetaData.cxx::FairDbTableMetaData():[35] $ create for table # EXPAR2
 [2017/03/30 10:58:28] -I- FairDb: FairDbTableMetaData.cxx::FairDbTableMetaData():[35] $ create for table # EXPAR2VAL
 [2017/03/30 10:58:28] -I- FairDb: FairDbProxy.cxx::CreateMetaData():[538] $ Create meta-data for table: EXPAR2
 [2017/03/30 10:58:28] -I- FairDb: FairDbConnection.cxx::Open():[222] $ Successfully opened connection to: sqlite://test.sqlite/
 [2017/03/30 10:58:28] -I- FairDb: FairDbProxy.cxx::CreateMetaData():[562] $ Meta-data query succeeded for table: EXPAR2 on db_id: 0
 [2017/03/30 10:58:28] -I- FairDb: FairDbProxy.cxx::CreateMetaData():[588] $ Column: 1 | SEQNO |  SQL_type: -1 |  SQL_type_def: INTEGER |  DB_data_type: UInt |  data_size: 4 |  col_length: -1
 [2017/03/30 10:58:28] -I- FairDb: FairDbProxy.cxx::CreateMetaData():[588] $ Column: 2 | ROW_ID |  SQL_type: -1 |  SQL_type_def: INTEGER |  DB_data_type: UInt |  data_size: 4 |  col_length: -1
 [2017/03/30 10:58:28] -I- FairDb: FairDbProxy.cxx::CreateMetaData():[588] $ Column: 3 | COMP_ID |  SQL_type: -1 |  SQL_type_def: INTEGER |  DB_data_type: UInt |  data_size: 4 |  col_length: -1
 [2017/03/30 10:58:28] -I- FairDb: FairDbProxy.cxx::CreateMetaData():[588] $ Column: 4 | IDSYSTEM |  SQL_type: -1 |  SQL_type_def: INTEGER |  DB_data_type: UInt |  data_size: 4 |  col_length: -1
 [2017/03/30 10:58:28] -I- FairDb: FairDbProxy.cxx::CreateMetaData():[588] $ Column: 5 | DATA |  SQL_type: -1 |  SQL_type_def: REAL |  DB_data_type: Float |  data_size: 4 |  col_length: -1
 [2017/03/30 10:58:28] -I- FairDb: FairDbConnection.cxx::Close():[262] $ closed connection: sqlite://test.sqlite/
 [2017/03/30 10:58:28] -I- FairDb: FairDbProxy.cxx::CreateMetaData():[538] $ Create meta-data for table: EXPAR2VAL
 [2017/03/30 10:58:28] -I- FairDb: FairDbConnection.cxx::Open():[222] $ Successfully opened connection to: sqlite://test.sqlite/
 [2017/03/30 10:58:28] -I- FairDb: FairDbProxy.cxx::CreateMetaData():[562] $ Meta-data query succeeded for table: EXPAR2VAL on db_id: 0
 [2017/03/30 10:58:28] -I- FairDb: FairDbProxy.cxx::CreateMetaData():[588] $ Column: 1 | SEQNO |  SQL_type: -1 |  SQL_type_def: integer |  DB_data_type: UInt |  data_size: 4 |  col_length: -1
 [2017/03/30 10:58:28] -I- FairDb: FairDbProxy.cxx::CreateMetaData():[588] $ Column: 2 | TIMESTART |  SQL_type: -1 |  SQL_type_def: DATETIME |  DB_data_type: Date |  data_size: 4 |  col_length: -1
 [2017/03/30 10:58:28] -I- FairDb: FairDbProxy.cxx::CreateMetaData():[588] $ Column: 3 | TIMEEND |  SQL_type: -1 |  SQL_type_def: DATETIME |  DB_data_type: Date |  data_size: 4 |  col_length: -1
 [2017/03/30 10:58:28] -I- FairDb: FairDbProxy.cxx::CreateMetaData():[588] $ Column: 4 | DETID |  SQL_type: -1 |  SQL_type_def: INTEGER |  DB_data_type: UInt |  data_size: 4 |  col_length: -1
 [2017/03/30 10:58:28] -I- FairDb: FairDbProxy.cxx::CreateMetaData():[588] $ Column: 5 | DATAID |  SQL_type: -1 |  SQL_type_def: INTEGER |  DB_data_type: UInt |  data_size: 4 |  col_length: -1
 [2017/03/30 10:58:28] -I- FairDb: FairDbProxy.cxx::CreateMetaData():[588] $ Column: 6 | VERSION |  SQL_type: -1 |  SQL_type_def: INTEGER |  DB_data_type: UInt |  data_size: 4 |  col_length: -1
 [2017/03/30 10:58:28] -I- FairDb: FairDbProxy.cxx::CreateMetaData():[588] $ Column: 7 | COMPOSITEID |  SQL_type: -1 |  SQL_type_def: INTEGER |  DB_data_type: UInt |  data_size: 4 |  col_length: -1
 [2017/03/30 10:58:28] -I- FairDb: FairDbProxy.cxx::CreateMetaData():[588] $ Column: 8 | TIMEINCR |  SQL_type: -1 |  SQL_type_def: DATETIME |  DB_data_type: Date |  data_size: 4 |  col_length: -1
 [2017/03/30 10:58:28] -I- FairDb: FairDbProxy.cxx::CreateMetaData():[588] $ Column: 9 | TIMETRANS |  SQL_type: -1 |  SQL_type_def: DATETIME |  DB_data_type: Date |  data_size: 4 |  col_length: -1
 [2017/03/30 10:58:28] -I- FairDb: FairDbConnection.cxx::Close():[262] $ closed connection: sqlite://test.sqlite/
 [2017/03/30 10:58:28] -I- FairDb: FairDbTableInterface.cxx::FairDbTableInterface():[61] $ created EXPAR2 at 0x7fea12cbe520 (table exists)
 [2017/03/30 10:58:28] -I- FairDb: FairDbTableInterface.cxx::FairDbTableInterface():[66] $ Connected Table Row: 0x7fea12cbe9d0
 [2017/03/30 10:58:28] -I- FairDb: FairDbProxy.cxx::QueryAllValidities():[162] $ Database: 0 query: select * from EXPAR2VAL; 
 [2017/03/30 10:58:28] -I- FairDb: FairDbStatement.cxx::ExecuteQuery():[72] $ Server: SQL:select * from EXPAR2VAL;
 [2017/03/30 10:58:28] -I- FairDb: FairDbConnection.cxx::Open():[222] $ Successfully opened connection to: sqlite://test.sqlite/
 [2017/03/30 10:58:28] -I- FairDb: FairDbValRecord.cxx::Fill():[166] $ FairDbValRecordord for row: 0: |det_id 0x0002|data_id 0x0001|
	 2014-01-01 00:00:00.000000000Z
	 2016-01-31 00:00:00.000000000Z
	 origin: Added Conditions: seq_id: 1 combo_id: 1 version_id: 0
 [2017/03/30 10:58:28] -I- FairDb: FairDbValRecord.cxx::Fill():[166] $ FairDbValRecordord for row: 1: |det_id 0x0002|data_id 0x0001|
	 2014-01-01 00:00:00.000000000Z
	 2016-01-31 00:00:00.000000000Z
	 origin: Added Conditions: seq_id: 2 combo_id: 2 version_id: 0
 [2017/03/30 10:58:28] -I- FairDb: FairDbResult.cxx::FairDbResultNonCombo():[1022] $ Created non composite Validity result set no. of rows: 2
 [2017/03/30 10:58:28] -I- FairDb: FairDbConnection.cxx::Close():[262] $ closed connection: sqlite://test.sqlite/
 [2017/03/30 10:58:28] -I- FairDb: FairDbTableInterfaceStore.cxx::GetTableInterface():[238] $  create a FairDbTableInterface 0x7fea12cc4730 proxyname# EXPAR2::FairDbConfigData
 [2017/03/30 10:58:28] -I- FairDb: FairDbTableMetaData.cxx::FairDbTableMetaData():[35] $ create for table # EXPAR2
 [2017/03/30 10:58:28] -I- FairDb: FairDbTableMetaData.cxx::FairDbTableMetaData():[35] $ create for table # EXPAR2VAL
 [2017/03/30 10:58:28] -I- FairDb: FairDbProxy.cxx::CreateMetaData():[538] $ Create meta-data for table: EXPAR2
 [2017/03/30 10:58:28] -I- FairDb: FairDbConnection.cxx::Open():[222] $ Successfully opened connection to: sqlite://test.sqlite/
 [2017/03/30 10:58:28] -I- FairDb: FairDbProxy.cxx::CreateMetaData():[562] $ Meta-data query succeeded for table: EXPAR2 on db_id: 0
 [2017/03/30 10:58:28] -I- FairDb: FairDbProxy.cxx::CreateMetaData():[588] $ Column: 1 | SEQNO |  SQL_type: -1 |  SQL_type_def: INTEGER |  DB_data_type: UInt |  data_size: 4 |  col_length: -1
 [2017/03/30 10:58:28] -I- FairDb: FairDbProxy.cxx::CreateMetaData():[588] $ Column: 2 | ROW_ID |  SQL_type: -1 |  SQL_type_def: INTEGER |  DB_data_type: UInt |  data_size: 4 |  col_length: -1
 [2017/03/30 10:58:28] -I- FairDb: FairDbProxy.cxx::CreateMetaData():[588] $ Column: 3 | COMP_ID |  SQL_type: -1 |  SQL_type_def: INTEGER |  DB_data_type: UInt |  data_size: 4 |  col_length: -1
 [2017/03/30 10:58:28] -I- FairDb: FairDbProxy.cxx::CreateMetaData():[588] $ Column: 4 | IDSYSTEM |  SQL_type: -1 |  SQL_type_def: INTEGER |  DB_data_type: UInt |  data_size: 4 |  col_length: -1
 [2017/03/30 10:58:28] -I- FairDb: FairDbProxy.cxx::CreateMetaData():[588] $ Column: 5 | DATA |  SQL_type: -1 |  SQL_type_def: REAL |  DB_data_type: Float |  data_size: 4 |  col_length: -1
 [2017/03/30 10:58:28] -I- FairDb: FairDbConnection.cxx::Close():[262] $ closed connection: sqlite://test.sqlite/
 [2017/03/30 10:58:28] -I- FairDb: FairDbProxy.cxx::CreateMetaData():[538] $ Create meta-data for table: EXPAR2VAL
 [2017/03/30 10:58:28] -I- FairDb: FairDbConnection.cxx::Open():[222] $ Successfully opened connection to: sqlite://test.sqlite/
 [2017/03/30 10:58:28] -I- FairDb: FairDbProxy.cxx::CreateMetaData():[562] $ Meta-data query succeeded for table: EXPAR2VAL on db_id: 0
 [2017/03/30 10:58:28] -I- FairDb: FairDbProxy.cxx::CreateMetaData():[588] $ Column: 1 | SEQNO |  SQL_type: -1 |  SQL_type_def: integer |  DB_data_type: UInt |  data_size: 4 |  col_length: -1
 [2017/03/30 10:58:28] -I- FairDb: FairDbProxy.cxx::CreateMetaData():[588] $ Column: 2 | TIMESTART |  SQL_type: -1 |  SQL_type_def: DATETIME |  DB_data_type: Date |  data_size: 4 |  col_length: -1
 [2017/03/30 10:58:28] -I- FairDb: FairDbProxy.cxx::CreateMetaData():[588] $ Column: 3 | TIMEEND |  SQL_type: -1 |  SQL_type_def: DATETIME |  DB_data_type: Date |  data_size: 4 |  col_length: -1
 [2017/03/30 10:58:28] -I- FairDb: FairDbProxy.cxx::CreateMetaData():[588] $ Column: 4 | DETID |  SQL_type: -1 |  SQL_type_def: INTEGER |  DB_data_type: UInt |  data_size: 4 |  col_length: -1
 [2017/03/30 10:58:28] -I- FairDb: FairDbProxy.cxx::CreateMetaData():[588] $ Column: 5 | DATAID |  SQL_type: -1 |  SQL_type_def: INTEGER |  DB_data_type: UInt |  data_size: 4 |  col_length: -1
 [2017/03/30 10:58:28] -I- FairDb: FairDbProxy.cxx::CreateMetaData():[588] $ Column: 6 | VERSION |  SQL_type: -1 |  SQL_type_def: INTEGER |  DB_data_type: UInt |  data_size: 4 |  col_length: -1
 [2017/03/30 10:58:28] -I- FairDb: FairDbProxy.cxx::CreateMetaData():[588] $ Column: 7 | COMPOSITEID |  SQL_type: -1 |  SQL_type_def: INTEGER |  DB_data_type: UInt |  data_size: 4 |  col_length: -1
 [2017/03/30 10:58:28] -I- FairDb: FairDbProxy.cxx::CreateMetaData():[588] $ Column: 8 | TIMEINCR |  SQL_type: -1 |  SQL_type_def: DATETIME |  DB_data_type: Date |  data_size: 4 |  col_length: -1
 [2017/03/30 10:58:28] -I- FairDb: FairDbProxy.cxx::CreateMetaData():[588] $ Column: 9 | TIMETRANS |  SQL_type: -1 |  SQL_type_def: DATETIME |  DB_data_type: Date |  data_size: 4 |  col_length: -1
 [2017/03/30 10:58:28] -I- FairDb: FairDbConnection.cxx::Close():[262] $ closed connection: sqlite://test.sqlite/
 [2017/03/30 10:58:28] -I- FairDb: FairDbTableInterface.cxx::FairDbTableInterface():[61] $ created EXPAR2 at 0x7fea12cc44a0 (table exists)
 [2017/03/30 10:58:28] -I- FairDb: FairDbTableInterface.cxx::FairDbTableInterface():[66] $ Connected Table Row: 0x7fea12cc8450
 [2017/03/30 10:58:28] -I- FairDb: FairDbReader.tpl::NewQuery():[447] $ 

Starting FairDbValRecord query: -I- FairDbValRecord:: SeqNo: 1  ComboNo: 1  DbId: 0  ValInterval: |0x2|0x1| 2014-01-01 00:00:00 .. 2016-01-31 00:00:00 from: Added Conditions:

 [2017/03/30 10:58:28] -I- FairDb: FairDbTableInterface.cxx::Query():[251] $ Query(vc)  SEQNO: 1
 [2017/03/30 10:58:28] -I- FairDb: FairDbProxy.cxx::QuerySeqNo():[184] $ Database: 0 SeqNo query: select * from EXPAR2 where     SEQNO= 1
 [2017/03/30 10:58:28] -I- FairDb: FairDbStatement.cxx::ExecuteQuery():[72] $ Server: SQL:select * from EXPAR2 where     SEQNO= 1
 [2017/03/30 10:58:28] -I- FairDb: FairDbConnection.cxx::Open():[222] $ Successfully opened connection to: sqlite://test.sqlite/
 [2017/03/30 10:58:28] -I- FairDb: FairDbResult.cxx::FairDbResultNonCombo():[1024] $ Created non composite result set for SeqNo: 1 no. of rows: 3
 [2017/03/30 10:58:28] -I- FairDb: FairDbCache.cxx::Accept():[82] $ Registering result for: EXPAR2  -I- FairDbValRecord:: SeqNo: 1  ComboNo: 1  DbId: 0  ValInterval: |0x2|0x1| 2014-01-01 00:00:00 .. 2016-01-31 00:00:00 from: Added Conditions:
Cache size updated: 1
 [2017/03/30 10:58:28] -I- FairDb: FairDbCache.cxx::Accept():[89] $ Caching results @ <ResKey># Table:EXPAR2 row:.  1 vrec (seq_id;transaction_time): 1;2014-01-01 00:00:00
 [2017/03/30 10:58:28] -I- FairDb: FairDbConnection.cxx::Close():[262] $ closed connection: sqlite://test.sqlite/
 [2017/03/30 10:58:28] -I- FairDb: FairDbStopWatch.cxx::RecEnd():[69] $ FairDbStopWatch:EXPAR2: Query done. 3rows,    0.9Kb Cpu   0.0 , elapsed   0.0
 [2017/03/30 10:58:28] -I- FairDb: FairDbReader.tpl::NewQuery():[462] $ 

CompletedFairDbValRecord query: -I- FairDbValRecord:: SeqNo: 1  ComboNo: 1  DbId: 0  ValInterval: |0x2|0x1| 2014-01-01 00:00:00 .. 2016-01-31 00:00:00 from: Added Conditions: Found:  3 rows

 [2017/03/30 10:58:28] -I- FairDb: FairDbReader.tpl::NewQuery():[480] $ 

Starting SeqNo query: 1

 [2017/03/30 10:58:28] -I- FairDb: FairDbTableInterface.cxx::Query():[186] $ Query 2 
 [2017/03/30 10:58:28] -I- FairDb: FairDbProxy.cxx::QueryValidity():[319] $ db_id: 0 SEQNO query: select * from EXPAR2VAL where SEQNO = 1;
 [2017/03/30 10:58:28] -I- FairDb: FairDbStatement.cxx::ExecuteQuery():[72] $ Server: SQL:select * from EXPAR2VAL where SEQNO = 1;
 [2017/03/30 10:58:28] -I- FairDb: FairDbConnection.cxx::Open():[222] $ Successfully opened connection to: sqlite://test.sqlite/
 [2017/03/30 10:58:28] -I- FairDb: FairDbValRecord.cxx::Fill():[166] $ FairDbValRecordord for row: 0: |det_id 0x0002|data_id 0x0001|
	 2014-01-01 00:00:00.000000000Z
	 2016-01-31 00:00:00.000000000Z
	 origin: Added Conditions: seq_id: 1 combo_id: 1 version_id: 0
 [2017/03/30 10:58:28] -I- FairDb: FairDbResult.cxx::FairDbResultNonCombo():[1022] $ Created non composite Validity result set no. of rows: 1
 [2017/03/30 10:58:28] -I- FairDb: FairDbTableInterface.cxx::Query():[251] $ Query(vc)  SEQNO: 1
 [2017/03/30 10:58:28] -I- FairDb: FairDbProxy.cxx::QuerySeqNo():[184] $ Database: 0 SeqNo query: select * from EXPAR2 where     SEQNO= 1
 [2017/03/30 10:58:28] -I- FairDb: FairDbStatement.cxx::ExecuteQuery():[72] $ Server: SQL:select * from EXPAR2 where     SEQNO= 1
 [2017/03/30 10:58:28] -I- FairDb: FairDbResult.cxx::FairDbResultNonCombo():[1024] $ Created non composite result set for SeqNo: 1 no. of rows: 3
 [2017/03/30 10:58:28] -I- FairDb: FairDbCache.cxx::Accept():[82] $ Registering result for: EXPAR2  -I- FairDbValRecord:: SeqNo: 1  ComboNo: 1  DbId: 0  ValInterval: |0x2|0x1| 2014-01-01 00:00:00 .. 2016-01-31 00:00:00 from: Added Conditions:
Cache size updated: 7
 [2017/03/30 10:58:28] -I- FairDb: FairDbCache.cxx::Accept():[89] $ Caching results @ <ResKey># Table:EXPAR2 row:EXPAR2.  1 vrec (seq_id;transaction_time): 1;2014-01-01 00:00:00
 [2017/03/30 10:58:28] -I- FairDb: FairDbConnection.cxx::Close():[262] $ closed connection: sqlite://test.sqlite/
 [2017/03/30 10:58:28] -I- FairDb: FairDbStopWatch.cxx::RecEnd():[69] $ FairDbStopWatch:EXPAR2: Query done. 3rows,    1.1Kb Cpu   0.0 , elapsed   0.0
 [2017/03/30 10:58:28] -I- FairDb: FairDbReader.tpl::NewQuery():[497] $ 

Completed SeqNo query: 1 Found:  3 rows

 [2017/03/30 10:58:28] -I- FairDb: FairDbReader.tpl::NewQuery():[447] $ 

Starting FairDbValRecord query: -I- FairDbValRecord:: SeqNo: 2  ComboNo: 2  DbId: 0  ValInterval: |0x2|0x1| 2014-01-01 00:00:00 .. 2016-01-31 00:00:00 from: Added Conditions:

 [2017/03/30 10:58:28] -I- FairDb: FairDbTableInterface.cxx::Query():[251] $ Query(vc)  SEQNO: 2
 [2017/03/30 10:58:28] -I- FairDb: FairDbProxy.cxx::QuerySeqNo():[184] $ Database: 0 SeqNo query: select * from EXPAR2 where     SEQNO= 2
 [2017/03/30 10:58:28] -I- FairDb: FairDbStatement.cxx::ExecuteQuery():[72] $ Server: SQL:select * from EXPAR2 where     SEQNO= 2
 [2017/03/30 10:58:28] -I- FairDb: FairDbConnection.cxx::Open():[222] $ Successfully opened connection to: sqlite://test.sqlite/
 [2017/03/30 10:58:28] -I- FairDb: FairDbResult.cxx::FairDbResultNonCombo():[1024] $ Created non composite result set for SeqNo: 2 no. of rows: 3
 [2017/03/30 10:58:28] -I- FairDb: FairDbCache.cxx::Accept():[82] $ Registering result for: EXPAR2  -I- FairDbValRecord:: SeqNo: 2  ComboNo: 2  DbId: 0  ValInterval: |0x2|0x1| 2014-01-01 00:00:00 .. 2016-01-31 00:00:00 from: Added Conditions:
Cache size updated: 2
 [2017/03/30 10:58:28] -I- FairDb: FairDbCache.cxx::Accept():[89] $ Caching results @ <ResKey># Table:EXPAR2 row:.  1 vrec (seq_id;transaction_time): 2;2014-01-01 00:00:00
 [2017/03/30 10:58:28] -I- FairDb: FairDbConnection.cxx::Close():[262] $ closed connection: sqlite://test.sqlite/
 [2017/03/30 10:58:28] -I- FairDb: FairDbStopWatch.cxx::RecEnd():[69] $ FairDbStopWatch:EXPAR2: Query done. 3rows,    0.9Kb Cpu   0.0 , elapsed   0.0
 [2017/03/30 10:58:28] -I- FairDb: FairDbReader.tpl::NewQuery():[462] $ 

CompletedFairDbValRecord query: -I- FairDbValRecord:: SeqNo: 2  ComboNo: 2  DbId: 0  ValInterval: |0x2|0x1| 2014-01-01 00:00:00 .. 2016-01-31 00:00:00 from: Added Conditions: Found:  3 rows

 [2017/03/30 10:58:28] -I- FairDb: FairDbReader.tpl::NewQuery():[480] $ 

Starting SeqNo query: 2

 [2017/03/30 10:58:28] -I- FairDb: FairDbTableInterface.cxx::Query():[186] $ Query 2 
 [2017/03/30 10:58:28] -I- FairDb: FairDbProxy.cxx::QueryValidity():[319] $ db_id: 0 SEQNO query: select * from EXPAR2VAL where SEQNO = 2;
 [2017/03/30 10:58:28] -I- FairDb: FairDbStatement.cxx::ExecuteQuery():[72] $ Server: SQL:select * from EXPAR2VAL where SEQNO = 2;
 [2017/03/30 10:58:28] -I- FairDb: FairDbConnection.cxx::Open():[222] $ Successfully opened connection to: sqlite://test.sqlite/
 [2017/03/30 10:58:28] -I- FairDb: FairDbValRecord.cxx::Fill():[166] $ FairDbValRecordord for row: 0: |det_id 0x0002|data_id 0x0001|
	 2014-01-01 00:00:00.000000000Z
	 2016-01-31 00:00:00.000000000Z
	 origin: Added Conditions: seq_id: 2 combo_id: 2 version_id: 0
 [2017/03/30 10:58:28] -I- FairDb: FairDbResult.cxx::FairDbResultNonCombo():[1022] $ Created non composite Validity result set no. of rows: 1
 [2017/03/30 10:58:28] -I- FairDb: FairDbTableInterface.cxx::Query():[251] $ Query(vc)  SEQNO: 2
 [2017/03/30 10:58:28] -I- FairDb: FairDbProxy.cxx::QuerySeqNo():[184] $ Database: 0 SeqNo query: select * from EXPAR2 where     SEQNO= 2
 [2017/03/30 10:58:28] -I- FairDb: FairDbStatement.cxx::ExecuteQuery():[72] $ Server: SQL:select * from EXPAR2 where     SEQNO= 2
 [2017/03/30 10:58:28] -I- FairDb: FairDbResult.cxx::FairDbResultNonCombo():[1024] $ Created non composite result set for SeqNo: 2 no. of rows: 3
 [2017/03/30 10:58:28] -I- FairDb: FairDbCache.cxx::Accept():[82] $ Registering result for: EXPAR2  -I- FairDbValRecord:: SeqNo: 2  ComboNo: 2  DbId: 0  ValInterval: |0x2|0x1| 2014-01-01 00:00:00 .. 2016-01-31 00:00:00 from: Added Conditions:
Cache size updated: 8
 [2017/03/30 10:58:28] -I- FairDb: FairDbCache.cxx::Accept():[89] $ Caching results @ <ResKey># Table:EXPAR2 row:EXPAR2.  1 vrec (seq_id;transaction_time): 2;2014-01-01 00:00:00
 [2017/03/30 10:58:28] -I- FairDb: FairDbConnection.cxx::Close():[262] $ closed connection: sqlite://test.sqlite/
 [2017/03/30 10:58:28] -I- FairDb: FairDbStopWatch.cxx::RecEnd():[69] $ FairDbStopWatch:EXPAR2: Query done. 3rows,    1.1Kb Cpu   0.0 , elapsed   0.0
 [2017/03/30 10:58:28] -I- FairDb: FairDbReader.tpl::NewQuery():[497] $ 

Completed SeqNo query: 2 Found:  3 rows

 [2017/03/30 10:58:28] -I- FairDb: FairDbConnection.cxx::~FairDbConnection():[157] $  Droping Connection
 [2017/03/30 11:37:33] -I- FairDb: FairDbTableInterfaceStore.cxx::~FairDbTableInterfaceStore():[76] $  shutdown not requested
